2025-11-25 23:37:55,555 INFO o.a.j.u.JMeterUtils: Setting Locale to en_EN
2025-11-25 23:37:55,571 INFO o.a.j.JMeter: Loading user properties from: /Users/vuhau190904/.sdkman/candidates/jmeter/5.6.3/bin/user.properties
2025-11-25 23:37:55,571 INFO o.a.j.JMeter: Loading system properties from: /Users/vuhau190904/.sdkman/candidates/jmeter/5.6.3/bin/system.properties
2025-11-25 23:37:55,575 INFO o.a.j.JMeter: Copyright (c) 1998-2024 The Apache Software Foundation
2025-11-25 23:37:55,575 INFO o.a.j.JMeter: Version 5.6.3
2025-11-25 23:37:55,575 INFO o.a.j.JMeter: java.version=21.0.8
2025-11-25 23:37:55,575 INFO o.a.j.JMeter: java.vm.name=Java HotSpot(TM) 64-Bit Server VM
2025-11-25 23:37:55,575 INFO o.a.j.JMeter: os.name=Mac OS X
2025-11-25 23:37:55,575 INFO o.a.j.JMeter: os.arch=aarch64
2025-11-25 23:37:55,575 INFO o.a.j.JMeter: os.version=13.7.8
2025-11-25 23:37:55,575 INFO o.a.j.JMeter: file.encoding=UTF-8
2025-11-25 23:37:55,575 INFO o.a.j.JMeter: java.awt.headless=true
2025-11-25 23:37:55,575 INFO o.a.j.JMeter: Max memory     =1073741824
2025-11-25 23:37:55,575 INFO o.a.j.JMeter: Available Processors =8
2025-11-25 23:37:55,581 INFO o.a.j.JMeter: Default Locale=English (EN)
2025-11-25 23:37:55,581 INFO o.a.j.JMeter: JMeter  Locale=English (EN)
2025-11-25 23:37:55,581 INFO o.a.j.JMeter: JMeterHome=/Users/vuhau190904/.sdkman/candidates/jmeter/5.6.3
2025-11-25 23:37:55,581 INFO o.a.j.JMeter: user.dir  =/Users/vuhau190904/jmeter-performance-test
2025-11-25 23:37:55,582 INFO o.a.j.JMeter: PWD       =/Users/vuhau190904/jmeter-performance-test
2025-11-25 23:37:55,593 INFO o.a.j.JMeter: IP: 192.168.1.41 Name: Air-cua-Vu.lan FullName: air-cua-vu.lan
2025-11-25 23:37:55,601 INFO o.a.j.JMeter: Setting property 'jmeter.reportgenerator.outputdir' to:'/Users/vuhau190904/jmeter-performance-test/results/test-100-report'
2025-11-25 23:37:55,603 INFO o.a.j.s.FileServer: Default base='/Users/vuhau190904/jmeter-performance-test'
2025-11-25 23:37:55,604 INFO o.a.j.s.FileServer: Set new base='/Users/vuhau190904/jmeter-performance-test'
2025-11-25 23:37:55,748 INFO o.a.j.s.SaveService: Testplan (JMX) version: 2.2. Testlog (JTL) version: 2.2
2025-11-25 23:37:55,772 INFO o.a.j.s.SaveService: Using SaveService properties version 5.0
2025-11-25 23:37:55,774 INFO o.a.j.s.SaveService: Using SaveService properties file encoding UTF-8
2025-11-25 23:37:55,776 INFO o.a.j.s.SaveService: Loading file: Test-100-Requests.jmx
2025-11-25 23:37:55,818 INFO o.a.j.p.h.s.HTTPSamplerBase: Parser for text/html is org.apache.jmeter.protocol.http.parser.LagartoBasedHtmlParser
2025-11-25 23:37:55,818 INFO o.a.j.p.h.s.HTTPSamplerBase: Parser for application/xhtml+xml is org.apache.jmeter.protocol.http.parser.LagartoBasedHtmlParser
2025-11-25 23:37:55,818 INFO o.a.j.p.h.s.HTTPSamplerBase: Parser for application/xml is org.apache.jmeter.protocol.http.parser.LagartoBasedHtmlParser
2025-11-25 23:37:55,818 INFO o.a.j.p.h.s.HTTPSamplerBase: Parser for text/xml is org.apache.jmeter.protocol.http.parser.LagartoBasedHtmlParser
2025-11-25 23:37:55,818 INFO o.a.j.p.h.s.HTTPSamplerBase: Parser for text/vnd.wap.wml is org.apache.jmeter.protocol.http.parser.RegexpHTMLParser
2025-11-25 23:37:55,818 INFO o.a.j.p.h.s.HTTPSamplerBase: Parser for text/css is org.apache.jmeter.protocol.http.parser.CssParser
2025-11-25 23:37:55,940 INFO o.a.j.JMeter: Creating summariser <summary>
2025-11-25 23:37:55,943 INFO o.a.j.r.d.ReportGenerator: ReportGenerator will use for Parsing the separator: ','
2025-11-25 23:37:55,943 INFO o.a.j.r.d.ReportGenerator: Will generate report at end of test from  results file: results/test-100-results.jtl
2025-11-25 23:37:55,943 INFO o.a.j.r.d.ReportGenerator: Reading report generator properties from: /Users/vuhau190904/.sdkman/candidates/jmeter/5.6.3/bin/reportgenerator.properties
2025-11-25 23:37:55,943 INFO o.a.j.r.d.ReportGenerator: Merging with JMeter properties
2025-11-25 23:37:55,946 INFO o.a.j.r.c.ReportGeneratorConfiguration: Property 'jmeter.reportgenerator.temp_dir' not found, using default value 'temp' instead.
2025-11-25 23:37:55,947 INFO o.a.j.r.c.ReportGeneratorConfiguration: Property 'jmeter.reportgenerator.apdex_per_transaction' not found, using default value 'null' instead.
2025-11-25 23:37:55,947 INFO o.a.j.r.c.ReportGeneratorConfiguration: apdex_per_transaction is empty, not APDEX per transaction customization
2025-11-25 23:37:55,947 INFO o.a.j.r.c.ReportGeneratorConfiguration: Property 'jmeter.reportgenerator.sample_filter' not found, using default value 'null' instead.
2025-11-25 23:37:55,947 INFO o.a.j.r.c.ReportGeneratorConfiguration: Property 'jmeter.reportgenerator.report_title' not found, using default value 'null' instead.
2025-11-25 23:37:55,947 INFO o.a.j.r.c.ReportGeneratorConfiguration: Property 'jmeter.reportgenerator.start_date' not found, using default value 'null' instead.
2025-11-25 23:37:55,947 INFO o.a.j.r.c.ReportGeneratorConfiguration: Property 'jmeter.reportgenerator.end_date' not found, using default value 'null' instead.
2025-11-25 23:37:55,947 INFO o.a.j.r.c.ReportGeneratorConfiguration: Property 'jmeter.reportgenerator.date_format' not found, using default value 'null' instead.
2025-11-25 23:37:55,947 INFO o.a.j.r.c.ReportGeneratorConfiguration: Will use date range start date: null, end date: null
2025-11-25 23:37:55,949 INFO o.a.j.r.c.ReportGeneratorConfiguration: Property 'jmeter.reportgenerator.graph.totalTPS.exclude_controllers' not found, using default value 'false' instead.
2025-11-25 23:37:55,949 INFO o.a.j.r.c.ReportGeneratorConfiguration: Property 'jmeter.reportgenerator.graph.activeThreadsOverTime.exclude_controllers' not found, using default value 'false' instead.
2025-11-25 23:37:55,949 INFO o.a.j.r.c.ReportGeneratorConfiguration: Property 'jmeter.reportgenerator.graph.timeVsThreads.exclude_controllers' not found, using default value 'false' instead.
2025-11-25 23:37:55,949 INFO o.a.j.r.c.ReportGeneratorConfiguration: Property 'jmeter.reportgenerator.graph.responseTimeDistribution.exclude_controllers' not found, using default value 'false' instead.
2025-11-25 23:37:55,949 INFO o.a.j.r.c.ReportGeneratorConfiguration: Property 'jmeter.reportgenerator.graph.transactionsPerSecond.exclude_controllers' not found, using default value 'false' instead.
2025-11-25 23:37:55,949 INFO o.a.j.r.c.ReportGeneratorConfiguration: Property 'jmeter.reportgenerator.graph.responseTimePercentiles.exclude_controllers' not found, using default value 'false' instead.
2025-11-25 23:37:55,950 INFO o.a.j.r.c.ReportGeneratorConfiguration: Property 'jmeter.reportgenerator.graph.responseTimePercentilesOverTime.exclude_controllers' not found, using default value 'false' instead.
2025-11-25 23:37:55,950 INFO o.a.j.r.c.ReportGeneratorConfiguration: Property 'jmeter.reportgenerator.graph.responseTimesOverTime.exclude_controllers' not found, using default value 'false' instead.
2025-11-25 23:37:55,950 INFO o.a.j.r.c.ReportGeneratorConfiguration: Property 'jmeter.reportgenerator.graph.connectTimeOverTime.exclude_controllers' not found, using default value 'false' instead.
2025-11-25 23:37:55,950 INFO o.a.j.r.c.ReportGeneratorConfiguration: Property 'jmeter.reportgenerator.graph.latenciesOverTime.exclude_controllers' not found, using default value 'false' instead.
2025-11-25 23:37:55,950 INFO o.a.j.r.c.ReportGeneratorConfiguration: Property 'jmeter.reportgenerator.exporter.json.filters_only_sample_series' not found, using default value 'true' instead.
2025-11-25 23:37:55,950 INFO o.a.j.r.c.ReportGeneratorConfiguration: Property 'jmeter.reportgenerator.exporter.json.series_filter' not found, using default value '' instead.
2025-11-25 23:37:55,950 INFO o.a.j.r.c.ReportGeneratorConfiguration: Property 'jmeter.reportgenerator.exporter.json.show_controllers_only' not found, using default value 'false' instead.
2025-11-25 23:37:55,950 INFO o.a.j.r.c.ReportGeneratorConfiguration: Property 'jmeter.reportgenerator.exporter.html.filters_only_sample_series' not found, using default value 'true' instead.
2025-11-25 23:37:55,950 INFO o.a.j.r.c.ReportGeneratorConfiguration: Property 'jmeter.reportgenerator.exporter.html.series_filter' not found, using default value '' instead.
2025-11-25 23:37:55,950 INFO o.a.j.r.c.ReportGeneratorConfiguration: Property 'jmeter.reportgenerator.exporter.html.show_controllers_only' not found, using default value 'false' instead.
2025-11-25 23:37:55,960 INFO o.a.j.e.StandardJMeterEngine: Running the test!
2025-11-25 23:37:55,961 INFO o.a.j.s.SampleEvent: List of sample_variables: []
2025-11-25 23:37:55,961 INFO o.a.j.s.SampleEvent: List of sample_variables: []
2025-11-25 23:37:55,963 INFO o.a.j.e.u.CompoundVariable: Note: Function class names must contain the string: '.functions.'
2025-11-25 23:37:55,963 INFO o.a.j.e.u.CompoundVariable: Note: Function class names must not contain the string: '.gui.'
2025-11-25 23:37:56,036 INFO o.a.j.JMeter: Running test (1764088676036)
2025-11-25 23:37:56,058 INFO o.a.j.e.StandardJMeterEngine: Starting ThreadGroup: 1 : 100 Concurrent Upload Requests
2025-11-25 23:37:56,059 INFO o.a.j.e.StandardJMeterEngine: Starting 100 threads for group 100 Concurrent Upload Requests.
2025-11-25 23:37:56,059 INFO o.a.j.e.StandardJMeterEngine: Thread will continue on error
2025-11-25 23:37:56,059 INFO o.a.j.t.ThreadGroup: Starting thread group... number=1 threads=100 ramp-up=1 delayedStart=false
2025-11-25 23:37:56,110 INFO o.a.j.t.ThreadGroup: Started thread group number 1
2025-11-25 23:37:56,111 INFO o.a.j.e.StandardJMeterEngine: All thread groups have been started
2025-11-25 23:37:56,166 INFO o.a.j.t.JMeterThread: Thread started: 100 Concurrent Upload Requests 1-2
2025-11-25 23:37:56,167 INFO o.a.j.s.FileServer: Stored: /Users/vuhau190904/jmeter-performance-test/test-data/auth-tokens.csv
2025-11-25 23:37:56,169 INFO o.a.j.t.JMeterThread: Thread started: 100 Concurrent Upload Requests 1-1
2025-11-25 23:37:56,180 INFO o.a.j.t.JMeterThread: Thread started: 100 Concurrent Upload Requests 1-3
2025-11-25 23:37:56,191 INFO o.a.j.t.JMeterThread: Thread started: 100 Concurrent Upload Requests 1-4
2025-11-25 23:37:56,194 INFO o.a.j.p.h.s.HTTPHCAbstractImpl: Local host = Air-cua-Vu.lan
2025-11-25 23:37:56,200 INFO o.a.j.p.h.s.HTTPHC4Impl: HTTP request retry count = 0
2025-11-25 23:37:56,202 INFO o.a.j.t.JMeterThread: Thread started: 100 Concurrent Upload Requests 1-5
2025-11-25 23:37:56,205 INFO o.a.j.s.SampleResult: Note: Sample TimeStamps are START times
2025-11-25 23:37:56,205 INFO o.a.j.s.SampleResult: sampleresult.default.encoding is set to UTF-8
2025-11-25 23:37:56,205 INFO o.a.j.s.SampleResult: sampleresult.useNanoTime=true
2025-11-25 23:37:56,205 INFO o.a.j.s.SampleResult: sampleresult.nanoThreadSleep=5000
2025-11-25 23:37:56,205 INFO o.a.j.t.JMeterThread: Thread started: 100 Concurrent Upload Requests 1-6
2025-11-25 23:37:56,268 INFO o.a.j.t.JMeterThread: Thread started: 100 Concurrent Upload Requests 1-7
2025-11-25 23:37:56,268 INFO o.a.j.t.JMeterThread: Thread started: 100 Concurrent Upload Requests 1-9
2025-11-25 23:37:56,280 INFO o.a.j.t.JMeterThread: Thread started: 100 Concurrent Upload Requests 1-8
2025-11-25 23:37:56,284 INFO o.a.j.t.JMeterThread: Thread started: 100 Concurrent Upload Requests 1-11
2025-11-25 23:37:56,288 INFO o.a.j.t.JMeterThread: Thread started: 100 Concurrent Upload Requests 1-10
2025-11-25 23:37:56,289 INFO o.a.j.t.JMeterThread: Thread started: 100 Concurrent Upload Requests 1-13
2025-11-25 23:37:56,290 INFO o.a.j.t.JMeterThread: Thread started: 100 Concurrent Upload Requests 1-12
2025-11-25 23:37:56,291 INFO o.a.j.t.JMeterThread: Thread started: 100 Concurrent Upload Requests 1-14
2025-11-25 23:37:56,297 INFO o.a.j.t.JMeterThread: Thread started: 100 Concurrent Upload Requests 1-15
2025-11-25 23:37:56,321 INFO o.a.j.t.JMeterThread: Thread started: 100 Concurrent Upload Requests 1-16
2025-11-25 23:37:56,323 INFO o.a.j.s.FileServer: Stored: /Users/vuhau190904/jmeter-performance-test/test-images/sample-100kb.jpg
2025-11-25 23:37:56,329 INFO o.a.j.t.JMeterThread: Thread started: 100 Concurrent Upload Requests 1-17
2025-11-25 23:37:56,334 INFO o.a.j.t.JMeterThread: Thread started: 100 Concurrent Upload Requests 1-18
2025-11-25 23:37:56,345 INFO o.a.j.t.JMeterThread: Thread started: 100 Concurrent Upload Requests 1-19
2025-11-25 23:37:56,349 INFO o.a.j.t.JMeterThread: Thread started: 100 Concurrent Upload Requests 1-20
2025-11-25 23:37:56,365 INFO o.a.j.t.JMeterThread: Thread started: 100 Concurrent Upload Requests 1-22
2025-11-25 23:37:56,365 INFO o.a.j.t.JMeterThread: Thread started: 100 Concurrent Upload Requests 1-21
2025-11-25 23:37:56,369 INFO o.a.j.p.h.s.h.LazyLayeredConnectionSocketFactory: Setting up HTTPS TrustAll Socket Factory
2025-11-25 23:37:56,373 INFO o.a.j.u.JsseSSLManager: Using default SSL protocol: TLS
2025-11-25 23:37:56,373 INFO o.a.j.u.JsseSSLManager: SSL session context: per-thread
2025-11-25 23:37:56,386 INFO o.a.j.t.JMeterThread: Thread started: 100 Concurrent Upload Requests 1-23
2025-11-25 23:37:56,388 INFO o.a.j.t.JMeterThread: Thread started: 100 Concurrent Upload Requests 1-24
2025-11-25 23:37:56,393 INFO o.a.j.t.JMeterThread: Thread started: 100 Concurrent Upload Requests 1-25
2025-11-25 23:37:56,405 INFO o.a.j.t.JMeterThread: Thread started: 100 Concurrent Upload Requests 1-26
2025-11-25 23:37:56,408 INFO o.a.j.t.JMeterThread: Thread started: 100 Concurrent Upload Requests 1-28
2025-11-25 23:37:56,426 INFO o.a.j.u.SSLManager: JmeterKeyStore Location:  type JKS
2025-11-25 23:37:56,429 INFO o.a.j.u.SSLManager: KeyStore created OK
2025-11-25 23:37:56,429 WARN o.a.j.u.SSLManager: Keystore file not found, loading empty keystore
2025-11-25 23:37:56,431 INFO o.a.j.t.JMeterThread: Thread started: 100 Concurrent Upload Requests 1-27
2025-11-25 23:37:56,433 INFO o.a.j.t.JMeterThread: Thread started: 100 Concurrent Upload Requests 1-29
2025-11-25 23:37:56,449 INFO o.a.j.t.JMeterThread: Thread started: 100 Concurrent Upload Requests 1-31
2025-11-25 23:37:56,450 INFO o.a.j.t.JMeterThread: Thread started: 100 Concurrent Upload Requests 1-30
2025-11-25 23:37:56,465 INFO o.a.j.t.JMeterThread: Thread started: 100 Concurrent Upload Requests 1-32
2025-11-25 23:37:56,485 INFO o.a.j.t.JMeterThread: Thread started: 100 Concurrent Upload Requests 1-33
2025-11-25 23:37:56,491 INFO o.a.j.t.JMeterThread: Thread started: 100 Concurrent Upload Requests 1-34
2025-11-25 23:37:56,497 INFO o.a.j.t.JMeterThread: Thread started: 100 Concurrent Upload Requests 1-35
2025-11-25 23:37:56,515 INFO o.a.j.t.JMeterThread: Thread started: 100 Concurrent Upload Requests 1-37
2025-11-25 23:37:56,518 INFO o.a.j.t.JMeterThread: Thread started: 100 Concurrent Upload Requests 1-36
2025-11-25 23:37:56,531 INFO o.a.j.t.JMeterThread: Thread started: 100 Concurrent Upload Requests 1-38
2025-11-25 23:37:56,534 INFO o.a.j.t.JMeterThread: Thread started: 100 Concurrent Upload Requests 1-39
2025-11-25 23:37:56,549 INFO o.a.j.t.JMeterThread: Thread started: 100 Concurrent Upload Requests 1-40
2025-11-25 23:37:56,554 INFO o.a.j.t.JMeterThread: Thread started: 100 Concurrent Upload Requests 1-41
2025-11-25 23:37:56,566 INFO o.a.j.t.JMeterThread: Thread started: 100 Concurrent Upload Requests 1-42
2025-11-25 23:37:56,645 INFO o.a.j.t.JMeterThread: Thread started: 100 Concurrent Upload Requests 1-43
2025-11-25 23:37:56,653 INFO o.a.j.t.JMeterThread: Thread started: 100 Concurrent Upload Requests 1-44
2025-11-25 23:37:56,654 INFO o.a.j.t.JMeterThread: Thread started: 100 Concurrent Upload Requests 1-45
2025-11-25 23:37:56,656 INFO o.a.j.t.JMeterThread: Thread started: 100 Concurrent Upload Requests 1-46
2025-11-25 23:37:56,657 INFO o.a.j.t.JMeterThread: Thread started: 100 Concurrent Upload Requests 1-47
2025-11-25 23:37:56,658 INFO o.a.j.t.JMeterThread: Thread started: 100 Concurrent Upload Requests 1-48
2025-11-25 23:37:56,659 INFO o.a.j.t.JMeterThread: Thread started: 100 Concurrent Upload Requests 1-49
2025-11-25 23:37:56,660 INFO o.a.j.t.JMeterThread: Thread started: 100 Concurrent Upload Requests 1-51
2025-11-25 23:37:56,662 INFO o.a.j.t.JMeterThread: Thread started: 100 Concurrent Upload Requests 1-50
2025-11-25 23:37:56,676 INFO o.a.j.t.JMeterThread: Thread started: 100 Concurrent Upload Requests 1-52
2025-11-25 23:37:56,683 INFO o.a.j.t.JMeterThread: Thread started: 100 Concurrent Upload Requests 1-53
2025-11-25 23:37:56,693 INFO o.a.j.t.JMeterThread: Thread started: 100 Concurrent Upload Requests 1-54
2025-11-25 23:37:56,694 INFO o.a.j.t.JMeterThread: Thread started: 100 Concurrent Upload Requests 1-55
2025-11-25 23:37:56,702 INFO o.a.j.t.JMeterThread: Thread started: 100 Concurrent Upload Requests 1-58
2025-11-25 23:37:56,706 INFO o.a.j.t.JMeterThread: Thread started: 100 Concurrent Upload Requests 1-57
2025-11-25 23:37:56,706 INFO o.a.j.t.JMeterThread: Thread started: 100 Concurrent Upload Requests 1-59
2025-11-25 23:37:56,710 INFO o.a.j.t.JMeterThread: Thread started: 100 Concurrent Upload Requests 1-56
2025-11-25 23:37:56,740 INFO o.a.j.t.JMeterThread: Thread started: 100 Concurrent Upload Requests 1-60
2025-11-25 23:37:56,743 INFO o.a.j.t.JMeterThread: Thread started: 100 Concurrent Upload Requests 1-62
2025-11-25 23:37:56,751 INFO o.a.j.t.JMeterThread: Thread started: 100 Concurrent Upload Requests 1-61
2025-11-25 23:37:56,752 INFO o.a.j.t.JMeterThread: Thread started: 100 Concurrent Upload Requests 1-63
2025-11-25 23:37:56,767 INFO o.a.j.t.JMeterThread: Thread started: 100 Concurrent Upload Requests 1-64
2025-11-25 23:37:56,776 INFO o.a.j.t.JMeterThread: Thread started: 100 Concurrent Upload Requests 1-65
2025-11-25 23:37:56,784 INFO o.a.j.t.JMeterThread: Thread started: 100 Concurrent Upload Requests 1-66
2025-11-25 23:37:56,794 INFO o.a.j.t.JMeterThread: Thread started: 100 Concurrent Upload Requests 1-67
2025-11-25 23:37:56,803 INFO o.a.j.t.JMeterThread: Thread started: 100 Concurrent Upload Requests 1-68
2025-11-25 23:37:56,814 INFO o.a.j.t.JMeterThread: Thread started: 100 Concurrent Upload Requests 1-69
2025-11-25 23:37:56,826 INFO o.a.j.t.JMeterThread: Thread started: 100 Concurrent Upload Requests 1-70
2025-11-25 23:37:56,833 INFO o.a.j.t.JMeterThread: Thread started: 100 Concurrent Upload Requests 1-71
2025-11-25 23:37:56,834 INFO o.a.j.t.JMeterThread: Thread started: 100 Concurrent Upload Requests 1-72
2025-11-25 23:37:56,850 INFO o.a.j.t.JMeterThread: Thread started: 100 Concurrent Upload Requests 1-73
2025-11-25 23:37:56,856 INFO o.a.j.t.JMeterThread: Thread started: 100 Concurrent Upload Requests 1-74
2025-11-25 23:37:56,867 INFO o.a.j.t.JMeterThread: Thread started: 100 Concurrent Upload Requests 1-75
2025-11-25 23:37:56,876 INFO o.a.j.t.JMeterThread: Thread started: 100 Concurrent Upload Requests 1-76
2025-11-25 23:37:56,877 INFO o.a.j.t.JMeterThread: Thread started: 100 Concurrent Upload Requests 1-77
2025-11-25 23:37:56,887 INFO o.a.j.t.JMeterThread: Thread started: 100 Concurrent Upload Requests 1-78
2025-11-25 23:37:56,906 INFO o.a.j.t.JMeterThread: Thread started: 100 Concurrent Upload Requests 1-79
2025-11-25 23:37:56,911 INFO o.a.j.t.JMeterThread: Thread started: 100 Concurrent Upload Requests 1-80
2025-11-25 23:37:56,916 INFO o.a.j.t.JMeterThread: Thread started: 100 Concurrent Upload Requests 1-81
2025-11-25 23:37:56,928 INFO o.a.j.t.JMeterThread: Thread started: 100 Concurrent Upload Requests 1-82
2025-11-25 23:37:56,932 INFO o.a.j.t.JMeterThread: Thread started: 100 Concurrent Upload Requests 1-84
2025-11-25 23:37:56,934 INFO o.a.j.t.JMeterThread: Thread started: 100 Concurrent Upload Requests 1-83
2025-11-25 23:37:56,950 INFO o.a.j.t.JMeterThread: Thread started: 100 Concurrent Upload Requests 1-85
2025-11-25 23:37:56,951 INFO o.a.j.t.JMeterThread: Thread started: 100 Concurrent Upload Requests 1-86
2025-11-25 23:37:56,974 INFO o.a.j.t.JMeterThread: Thread started: 100 Concurrent Upload Requests 1-88
2025-11-25 23:37:56,979 INFO o.a.j.t.JMeterThread: Thread started: 100 Concurrent Upload Requests 1-87
2025-11-25 23:37:57,000 INFO o.a.j.t.JMeterThread: Thread started: 100 Concurrent Upload Requests 1-89
2025-11-25 23:37:57,002 INFO o.a.j.t.JMeterThread: Thread started: 100 Concurrent Upload Requests 1-90
2025-11-25 23:37:57,011 INFO o.a.j.t.JMeterThread: Thread started: 100 Concurrent Upload Requests 1-91
2025-11-25 23:37:57,024 INFO o.a.j.t.JMeterThread: Thread started: 100 Concurrent Upload Requests 1-92
2025-11-25 23:37:57,035 INFO o.a.j.t.JMeterThread: Thread started: 100 Concurrent Upload Requests 1-93
2025-11-25 23:37:57,041 INFO o.a.j.t.JMeterThread: Thread started: 100 Concurrent Upload Requests 1-94
2025-11-25 23:37:57,050 INFO o.a.j.t.JMeterThread: Thread started: 100 Concurrent Upload Requests 1-95
2025-11-25 23:37:57,064 INFO o.a.j.t.JMeterThread: Thread started: 100 Concurrent Upload Requests 1-96
2025-11-25 23:37:57,072 INFO o.a.j.t.JMeterThread: Thread started: 100 Concurrent Upload Requests 1-97
2025-11-25 23:37:57,085 INFO o.a.j.t.JMeterThread: Thread started: 100 Concurrent Upload Requests 1-98
2025-11-25 23:37:57,091 INFO o.a.j.t.JMeterThread: Thread started: 100 Concurrent Upload Requests 1-99
2025-11-25 23:37:57,104 INFO o.a.j.t.JMeterThread: Thread started: 100 Concurrent Upload Requests 1-100
2025-11-25 23:37:57,604 INFO o.a.j.t.JMeterThread: Thread is done: 100 Concurrent Upload Requests 1-5
2025-11-25 23:37:57,604 INFO o.a.j.t.JMeterThread: Thread is done: 100 Concurrent Upload Requests 1-29
2025-11-25 23:37:57,604 INFO o.a.j.t.JMeterThread: Thread finished: 100 Concurrent Upload Requests 1-5
2025-11-25 23:37:57,604 INFO o.a.j.t.JMeterThread: Thread finished: 100 Concurrent Upload Requests 1-29
2025-11-25 23:37:57,604 INFO o.a.j.t.JMeterThread: Thread is done: 100 Concurrent Upload Requests 1-26
2025-11-25 23:37:57,605 INFO o.a.j.t.JMeterThread: Thread is done: 100 Concurrent Upload Requests 1-35
2025-11-25 23:37:57,605 INFO o.a.j.t.JMeterThread: Thread finished: 100 Concurrent Upload Requests 1-26
2025-11-25 23:37:57,605 INFO o.a.j.t.JMeterThread: Thread finished: 100 Concurrent Upload Requests 1-35
2025-11-25 23:37:57,604 INFO o.a.j.t.JMeterThread: Thread is done: 100 Concurrent Upload Requests 1-25
2025-11-25 23:37:57,605 INFO o.a.j.t.JMeterThread: Thread finished: 100 Concurrent Upload Requests 1-25
2025-11-25 23:37:57,604 INFO o.a.j.t.JMeterThread: Thread is done: 100 Concurrent Upload Requests 1-19
2025-11-25 23:37:57,605 INFO o.a.j.t.JMeterThread: Thread finished: 100 Concurrent Upload Requests 1-19
2025-11-25 23:37:57,607 INFO o.a.j.t.JMeterThread: Thread is done: 100 Concurrent Upload Requests 1-32
2025-11-25 23:37:57,607 INFO o.a.j.t.JMeterThread: Thread finished: 100 Concurrent Upload Requests 1-32
2025-11-25 23:37:57,610 INFO o.a.j.t.JMeterThread: Thread is done: 100 Concurrent Upload Requests 1-20
2025-11-25 23:37:57,610 INFO o.a.j.t.JMeterThread: Thread is done: 100 Concurrent Upload Requests 1-15
2025-11-25 23:37:57,610 INFO o.a.j.t.JMeterThread: Thread finished: 100 Concurrent Upload Requests 1-20
2025-11-25 23:37:57,610 INFO o.a.j.t.JMeterThread: Thread finished: 100 Concurrent Upload Requests 1-15
2025-11-25 23:37:57,615 INFO o.a.j.t.JMeterThread: Thread is done: 100 Concurrent Upload Requests 1-39
2025-11-25 23:37:57,615 INFO o.a.j.t.JMeterThread: Thread finished: 100 Concurrent Upload Requests 1-39
2025-11-25 23:37:57,637 INFO o.a.j.t.JMeterThread: Thread is done: 100 Concurrent Upload Requests 1-2
2025-11-25 23:37:57,637 INFO o.a.j.t.JMeterThread: Thread finished: 100 Concurrent Upload Requests 1-2
2025-11-25 23:37:57,639 INFO o.a.j.t.JMeterThread: Thread is done: 100 Concurrent Upload Requests 1-6
2025-11-25 23:37:57,639 INFO o.a.j.t.JMeterThread: Thread finished: 100 Concurrent Upload Requests 1-6
2025-11-25 23:37:57,646 INFO o.a.j.t.JMeterThread: Thread is done: 100 Concurrent Upload Requests 1-3
2025-11-25 23:37:57,647 INFO o.a.j.t.JMeterThread: Thread finished: 100 Concurrent Upload Requests 1-3
2025-11-25 23:37:57,677 INFO o.a.j.t.JMeterThread: Thread is done: 100 Concurrent Upload Requests 1-33
2025-11-25 23:37:57,677 INFO o.a.j.t.JMeterThread: Thread is done: 100 Concurrent Upload Requests 1-17
2025-11-25 23:37:57,677 INFO o.a.j.t.JMeterThread: Thread finished: 100 Concurrent Upload Requests 1-33
2025-11-25 23:37:57,677 INFO o.a.j.t.JMeterThread: Thread finished: 100 Concurrent Upload Requests 1-17
2025-11-25 23:37:57,698 INFO o.a.j.t.JMeterThread: Thread is done: 100 Concurrent Upload Requests 1-18
2025-11-25 23:37:57,698 INFO o.a.j.t.JMeterThread: Thread is done: 100 Concurrent Upload Requests 1-22
2025-11-25 23:37:57,698 INFO o.a.j.t.JMeterThread: Thread finished: 100 Concurrent Upload Requests 1-22
2025-11-25 23:37:57,699 INFO o.a.j.t.JMeterThread: Thread is done: 100 Concurrent Upload Requests 1-42
2025-11-25 23:37:57,698 INFO o.a.j.t.JMeterThread: Thread finished: 100 Concurrent Upload Requests 1-18
2025-11-25 23:37:57,699 INFO o.a.j.t.JMeterThread: Thread finished: 100 Concurrent Upload Requests 1-42
2025-11-25 23:37:57,725 INFO o.a.j.t.JMeterThread: Thread is done: 100 Concurrent Upload Requests 1-34
2025-11-25 23:37:57,725 INFO o.a.j.t.JMeterThread: Thread finished: 100 Concurrent Upload Requests 1-34
2025-11-25 23:37:57,751 INFO o.a.j.t.JMeterThread: Thread is done: 100 Concurrent Upload Requests 1-9
2025-11-25 23:37:57,751 INFO o.a.j.t.JMeterThread: Thread finished: 100 Concurrent Upload Requests 1-9
2025-11-25 23:37:57,751 INFO o.a.j.t.JMeterThread: Thread is done: 100 Concurrent Upload Requests 1-41
2025-11-25 23:37:57,751 INFO o.a.j.t.JMeterThread: Thread finished: 100 Concurrent Upload Requests 1-41
2025-11-25 23:37:57,754 INFO o.a.j.t.JMeterThread: Thread is done: 100 Concurrent Upload Requests 1-37
2025-11-25 23:37:57,754 INFO o.a.j.t.JMeterThread: Thread finished: 100 Concurrent Upload Requests 1-37
2025-11-25 23:37:57,761 INFO o.a.j.t.JMeterThread: Thread is done: 100 Concurrent Upload Requests 1-21
2025-11-25 23:37:57,761 INFO o.a.j.t.JMeterThread: Thread finished: 100 Concurrent Upload Requests 1-21
2025-11-25 23:37:57,810 INFO o.a.j.t.JMeterThread: Thread is done: 100 Concurrent Upload Requests 1-10
2025-11-25 23:37:57,810 INFO o.a.j.t.JMeterThread: Thread finished: 100 Concurrent Upload Requests 1-10
2025-11-25 23:37:57,850 INFO o.a.j.t.JMeterThread: Thread is done: 100 Concurrent Upload Requests 1-36
2025-11-25 23:37:57,850 INFO o.a.j.t.JMeterThread: Thread is done: 100 Concurrent Upload Requests 1-13
2025-11-25 23:37:57,850 INFO o.a.j.t.JMeterThread: Thread finished: 100 Concurrent Upload Requests 1-36
2025-11-25 23:37:57,850 INFO o.a.j.t.JMeterThread: Thread finished: 100 Concurrent Upload Requests 1-13
2025-11-25 23:37:57,878 INFO o.a.j.t.JMeterThread: Thread is done: 100 Concurrent Upload Requests 1-14
2025-11-25 23:37:57,878 INFO o.a.j.t.JMeterThread: Thread finished: 100 Concurrent Upload Requests 1-14
2025-11-25 23:37:57,883 INFO o.a.j.t.JMeterThread: Thread is done: 100 Concurrent Upload Requests 1-12
2025-11-25 23:37:57,883 INFO o.a.j.t.JMeterThread: Thread finished: 100 Concurrent Upload Requests 1-12
2025-11-25 23:37:57,898 INFO o.a.j.t.JMeterThread: Thread is done: 100 Concurrent Upload Requests 1-31
2025-11-25 23:37:57,898 INFO o.a.j.t.JMeterThread: Thread is done: 100 Concurrent Upload Requests 1-4
2025-11-25 23:37:57,898 INFO o.a.j.t.JMeterThread: Thread finished: 100 Concurrent Upload Requests 1-31
2025-11-25 23:37:57,898 INFO o.a.j.t.JMeterThread: Thread is done: 100 Concurrent Upload Requests 1-11
2025-11-25 23:37:57,898 INFO o.a.j.t.JMeterThread: Thread finished: 100 Concurrent Upload Requests 1-4
2025-11-25 23:37:57,898 INFO o.a.j.t.JMeterThread: Thread finished: 100 Concurrent Upload Requests 1-11
2025-11-25 23:37:57,902 INFO o.a.j.t.JMeterThread: Thread is done: 100 Concurrent Upload Requests 1-8
2025-11-25 23:37:57,902 INFO o.a.j.t.JMeterThread: Thread is done: 100 Concurrent Upload Requests 1-23
2025-11-25 23:37:57,902 INFO o.a.j.t.JMeterThread: Thread finished: 100 Concurrent Upload Requests 1-23
2025-11-25 23:37:57,902 INFO o.a.j.t.JMeterThread: Thread finished: 100 Concurrent Upload Requests 1-8
2025-11-25 23:37:57,904 INFO o.a.j.t.JMeterThread: Thread is done: 100 Concurrent Upload Requests 1-7
2025-11-25 23:37:57,905 INFO o.a.j.t.JMeterThread: Thread finished: 100 Concurrent Upload Requests 1-7
2025-11-25 23:37:57,908 INFO o.a.j.t.JMeterThread: Thread is done: 100 Concurrent Upload Requests 1-1
2025-11-25 23:37:57,908 INFO o.a.j.t.JMeterThread: Thread finished: 100 Concurrent Upload Requests 1-1
2025-11-25 23:37:57,909 INFO o.a.j.t.JMeterThread: Thread is done: 100 Concurrent Upload Requests 1-30
2025-11-25 23:37:57,909 INFO o.a.j.t.JMeterThread: Thread finished: 100 Concurrent Upload Requests 1-30
2025-11-25 23:37:57,912 INFO o.a.j.t.JMeterThread: Thread is done: 100 Concurrent Upload Requests 1-38
2025-11-25 23:37:57,912 INFO o.a.j.t.JMeterThread: Thread finished: 100 Concurrent Upload Requests 1-38
2025-11-25 23:37:57,913 INFO o.a.j.t.JMeterThread: Thread is done: 100 Concurrent Upload Requests 1-24
2025-11-25 23:37:57,913 INFO o.a.j.t.JMeterThread: Thread finished: 100 Concurrent Upload Requests 1-24
2025-11-25 23:37:57,917 INFO o.a.j.t.JMeterThread: Thread is done: 100 Concurrent Upload Requests 1-27
2025-11-25 23:37:57,917 INFO o.a.j.t.JMeterThread: Thread finished: 100 Concurrent Upload Requests 1-27
2025-11-25 23:37:57,951 INFO o.a.j.t.JMeterThread: Thread is done: 100 Concurrent Upload Requests 1-40
2025-11-25 23:37:57,951 INFO o.a.j.t.JMeterThread: Thread is done: 100 Concurrent Upload Requests 1-28
2025-11-25 23:37:57,951 INFO o.a.j.t.JMeterThread: Thread finished: 100 Concurrent Upload Requests 1-40
2025-11-25 23:37:57,951 INFO o.a.j.t.JMeterThread: Thread finished: 100 Concurrent Upload Requests 1-28
2025-11-25 23:37:57,952 INFO o.a.j.t.JMeterThread: Thread is done: 100 Concurrent Upload Requests 1-16
2025-11-25 23:37:57,952 INFO o.a.j.t.JMeterThread: Thread finished: 100 Concurrent Upload Requests 1-16
2025-11-25 23:37:57,967 INFO o.a.j.t.JMeterThread: Thread is done: 100 Concurrent Upload Requests 1-53
2025-11-25 23:37:57,967 INFO o.a.j.t.JMeterThread: Thread is done: 100 Concurrent Upload Requests 1-64
2025-11-25 23:37:57,967 INFO o.a.j.t.JMeterThread: Thread finished: 100 Concurrent Upload Requests 1-53
2025-11-25 23:37:57,967 INFO o.a.j.t.JMeterThread: Thread finished: 100 Concurrent Upload Requests 1-64
2025-11-25 23:37:57,978 INFO o.a.j.t.JMeterThread: Thread is done: 100 Concurrent Upload Requests 1-50
2025-11-25 23:37:57,978 INFO o.a.j.t.JMeterThread: Thread finished: 100 Concurrent Upload Requests 1-50
2025-11-25 23:37:57,987 INFO o.a.j.t.JMeterThread: Thread is done: 100 Concurrent Upload Requests 1-43
2025-11-25 23:37:57,987 INFO o.a.j.t.JMeterThread: Thread finished: 100 Concurrent Upload Requests 1-43
2025-11-25 23:37:58,002 INFO o.a.j.t.JMeterThread: Thread is done: 100 Concurrent Upload Requests 1-44
2025-11-25 23:37:58,002 INFO o.a.j.t.JMeterThread: Thread is done: 100 Concurrent Upload Requests 1-57
2025-11-25 23:37:58,002 INFO o.a.j.t.JMeterThread: Thread finished: 100 Concurrent Upload Requests 1-57
2025-11-25 23:37:58,002 INFO o.a.j.t.JMeterThread: Thread finished: 100 Concurrent Upload Requests 1-44
2025-11-25 23:37:58,010 INFO o.a.j.t.JMeterThread: Thread is done: 100 Concurrent Upload Requests 1-49
2025-11-25 23:37:58,010 INFO o.a.j.t.JMeterThread: Thread finished: 100 Concurrent Upload Requests 1-49
2025-11-25 23:37:58,014 INFO o.a.j.t.JMeterThread: Thread is done: 100 Concurrent Upload Requests 1-54
2025-11-25 23:37:58,014 INFO o.a.j.t.JMeterThread: Thread finished: 100 Concurrent Upload Requests 1-54
2025-11-25 23:37:58,014 INFO o.a.j.t.JMeterThread: Thread is done: 100 Concurrent Upload Requests 1-65
2025-11-25 23:37:58,014 INFO o.a.j.t.JMeterThread: Thread finished: 100 Concurrent Upload Requests 1-65
2025-11-25 23:37:58,022 INFO o.a.j.t.JMeterThread: Thread is done: 100 Concurrent Upload Requests 1-66
2025-11-25 23:37:58,022 INFO o.a.j.t.JMeterThread: Thread finished: 100 Concurrent Upload Requests 1-66
2025-11-25 23:37:58,080 INFO o.a.j.t.JMeterThread: Thread is done: 100 Concurrent Upload Requests 1-45
2025-11-25 23:37:58,080 INFO o.a.j.t.JMeterThread: Thread finished: 100 Concurrent Upload Requests 1-45
2025-11-25 23:37:58,100 INFO o.a.j.t.JMeterThread: Thread is done: 100 Concurrent Upload Requests 1-56
2025-11-25 23:37:58,100 INFO o.a.j.t.JMeterThread: Thread finished: 100 Concurrent Upload Requests 1-56
2025-11-25 23:37:58,117 INFO o.a.j.t.JMeterThread: Thread is done: 100 Concurrent Upload Requests 1-70
2025-11-25 23:37:58,118 INFO o.a.j.t.JMeterThread: Thread finished: 100 Concurrent Upload Requests 1-70
2025-11-25 23:37:58,120 INFO o.a.j.t.JMeterThread: Thread is done: 100 Concurrent Upload Requests 1-71
2025-11-25 23:37:58,120 INFO o.a.j.t.JMeterThread: Thread finished: 100 Concurrent Upload Requests 1-71
2025-11-25 23:37:58,132 INFO o.a.j.t.JMeterThread: Thread is done: 100 Concurrent Upload Requests 1-47
2025-11-25 23:37:58,132 INFO o.a.j.t.JMeterThread: Thread finished: 100 Concurrent Upload Requests 1-47
2025-11-25 23:37:58,183 INFO o.a.j.t.JMeterThread: Thread is done: 100 Concurrent Upload Requests 1-46
2025-11-25 23:37:58,184 INFO o.a.j.t.JMeterThread: Thread finished: 100 Concurrent Upload Requests 1-46
2025-11-25 23:37:58,185 INFO o.a.j.t.JMeterThread: Thread is done: 100 Concurrent Upload Requests 1-90
2025-11-25 23:37:58,185 INFO o.a.j.t.JMeterThread: Thread is done: 100 Concurrent Upload Requests 1-77
2025-11-25 23:37:58,185 INFO o.a.j.t.JMeterThread: Thread finished: 100 Concurrent Upload Requests 1-77
2025-11-25 23:37:58,185 INFO o.a.j.t.JMeterThread: Thread finished: 100 Concurrent Upload Requests 1-90
2025-11-25 23:37:58,192 INFO o.a.j.t.JMeterThread: Thread is done: 100 Concurrent Upload Requests 1-97
2025-11-25 23:37:58,192 INFO o.a.j.t.JMeterThread: Thread finished: 100 Concurrent Upload Requests 1-97
2025-11-25 23:37:58,209 INFO o.a.j.t.JMeterThread: Thread is done: 100 Concurrent Upload Requests 1-68
2025-11-25 23:37:58,209 INFO o.a.j.t.JMeterThread: Thread is done: 100 Concurrent Upload Requests 1-75
2025-11-25 23:37:58,209 INFO o.a.j.t.JMeterThread: Thread finished: 100 Concurrent Upload Requests 1-68
2025-11-25 23:37:58,209 INFO o.a.j.t.JMeterThread: Thread is done: 100 Concurrent Upload Requests 1-52
2025-11-25 23:37:58,209 INFO o.a.j.t.JMeterThread: Thread finished: 100 Concurrent Upload Requests 1-75
2025-11-25 23:37:58,209 INFO o.a.j.t.JMeterThread: Thread finished: 100 Concurrent Upload Requests 1-52
2025-11-25 23:37:58,213 INFO o.a.j.t.JMeterThread: Thread is done: 100 Concurrent Upload Requests 1-81
2025-11-25 23:37:58,214 INFO o.a.j.t.JMeterThread: Thread finished: 100 Concurrent Upload Requests 1-81
2025-11-25 23:37:58,221 INFO o.a.j.t.JMeterThread: Thread is done: 100 Concurrent Upload Requests 1-72
2025-11-25 23:37:58,221 INFO o.a.j.t.JMeterThread: Thread finished: 100 Concurrent Upload Requests 1-72
2025-11-25 23:37:58,229 INFO o.a.j.t.JMeterThread: Thread is done: 100 Concurrent Upload Requests 1-61
2025-11-25 23:37:58,229 INFO o.a.j.t.JMeterThread: Thread finished: 100 Concurrent Upload Requests 1-61
2025-11-25 23:37:58,305 INFO o.a.j.t.JMeterThread: Thread is done: 100 Concurrent Upload Requests 1-99
2025-11-25 23:37:58,305 INFO o.a.j.t.JMeterThread: Thread finished: 100 Concurrent Upload Requests 1-99
2025-11-25 23:37:58,316 INFO o.a.j.t.JMeterThread: Thread is done: 100 Concurrent Upload Requests 1-58
2025-11-25 23:37:58,316 INFO o.a.j.t.JMeterThread: Thread is done: 100 Concurrent Upload Requests 1-51
2025-11-25 23:37:58,316 INFO o.a.j.t.JMeterThread: Thread finished: 100 Concurrent Upload Requests 1-58
2025-11-25 23:37:58,316 INFO o.a.j.t.JMeterThread: Thread finished: 100 Concurrent Upload Requests 1-51
2025-11-25 23:37:58,385 INFO o.a.j.t.JMeterThread: Thread is done: 100 Concurrent Upload Requests 1-48
2025-11-25 23:37:58,385 INFO o.a.j.t.JMeterThread: Thread finished: 100 Concurrent Upload Requests 1-48
2025-11-25 23:37:58,397 INFO o.a.j.t.JMeterThread: Thread is done: 100 Concurrent Upload Requests 1-60
2025-11-25 23:37:58,397 INFO o.a.j.t.JMeterThread: Thread finished: 100 Concurrent Upload Requests 1-60
2025-11-25 23:37:58,404 INFO o.a.j.t.JMeterThread: Thread is done: 100 Concurrent Upload Requests 1-59
2025-11-25 23:37:58,405 INFO o.a.j.t.JMeterThread: Thread finished: 100 Concurrent Upload Requests 1-59
2025-11-25 23:37:58,413 INFO o.a.j.t.JMeterThread: Thread is done: 100 Concurrent Upload Requests 1-62
2025-11-25 23:37:58,413 INFO o.a.j.t.JMeterThread: Thread is done: 100 Concurrent Upload Requests 1-67
2025-11-25 23:37:58,413 INFO o.a.j.t.JMeterThread: Thread finished: 100 Concurrent Upload Requests 1-62
2025-11-25 23:37:58,413 INFO o.a.j.t.JMeterThread: Thread finished: 100 Concurrent Upload Requests 1-67
2025-11-25 23:37:58,454 INFO o.a.j.t.JMeterThread: Thread is done: 100 Concurrent Upload Requests 1-55
2025-11-25 23:37:58,454 INFO o.a.j.t.JMeterThread: Thread finished: 100 Concurrent Upload Requests 1-55
2025-11-25 23:37:58,490 INFO o.a.j.t.JMeterThread: Thread is done: 100 Concurrent Upload Requests 1-63
2025-11-25 23:37:58,491 INFO o.a.j.t.JMeterThread: Thread finished: 100 Concurrent Upload Requests 1-63
2025-11-25 23:37:58,541 INFO o.a.j.t.JMeterThread: Thread is done: 100 Concurrent Upload Requests 1-80
2025-11-25 23:37:58,541 INFO o.a.j.t.JMeterThread: Thread finished: 100 Concurrent Upload Requests 1-80
2025-11-25 23:37:58,556 INFO o.a.j.t.JMeterThread: Thread is done: 100 Concurrent Upload Requests 1-74
2025-11-25 23:37:58,557 INFO o.a.j.t.JMeterThread: Thread finished: 100 Concurrent Upload Requests 1-74
2025-11-25 23:37:58,564 INFO o.a.j.t.JMeterThread: Thread is done: 100 Concurrent Upload Requests 1-69
2025-11-25 23:37:58,564 INFO o.a.j.t.JMeterThread: Thread finished: 100 Concurrent Upload Requests 1-69
2025-11-25 23:37:58,589 INFO o.a.j.t.JMeterThread: Thread is done: 100 Concurrent Upload Requests 1-73
2025-11-25 23:37:58,590 INFO o.a.j.t.JMeterThread: Thread finished: 100 Concurrent Upload Requests 1-73
2025-11-25 23:37:58,610 INFO o.a.j.t.JMeterThread: Thread is done: 100 Concurrent Upload Requests 1-78
2025-11-25 23:37:58,611 INFO o.a.j.t.JMeterThread: Thread finished: 100 Concurrent Upload Requests 1-78
2025-11-25 23:37:58,628 INFO o.a.j.t.JMeterThread: Thread is done: 100 Concurrent Upload Requests 1-76
2025-11-25 23:37:58,628 INFO o.a.j.t.JMeterThread: Thread finished: 100 Concurrent Upload Requests 1-76
2025-11-25 23:37:58,652 INFO o.a.j.t.JMeterThread: Thread is done: 100 Concurrent Upload Requests 1-88
2025-11-25 23:37:58,652 INFO o.a.j.t.JMeterThread: Thread finished: 100 Concurrent Upload Requests 1-88
2025-11-25 23:37:58,713 INFO o.a.j.t.JMeterThread: Thread is done: 100 Concurrent Upload Requests 1-85
2025-11-25 23:37:58,713 INFO o.a.j.t.JMeterThread: Thread finished: 100 Concurrent Upload Requests 1-85
2025-11-25 23:37:58,722 INFO o.a.j.t.JMeterThread: Thread is done: 100 Concurrent Upload Requests 1-98
2025-11-25 23:37:58,722 INFO o.a.j.t.JMeterThread: Thread is done: 100 Concurrent Upload Requests 1-91
2025-11-25 23:37:58,722 INFO o.a.j.t.JMeterThread: Thread finished: 100 Concurrent Upload Requests 1-98
2025-11-25 23:37:58,722 INFO o.a.j.t.JMeterThread: Thread finished: 100 Concurrent Upload Requests 1-91
2025-11-25 23:37:58,729 INFO o.a.j.t.JMeterThread: Thread is done: 100 Concurrent Upload Requests 1-96
2025-11-25 23:37:58,729 INFO o.a.j.t.JMeterThread: Thread finished: 100 Concurrent Upload Requests 1-96
2025-11-25 23:37:58,730 INFO o.a.j.t.JMeterThread: Thread is done: 100 Concurrent Upload Requests 1-79
2025-11-25 23:37:58,730 INFO o.a.j.t.JMeterThread: Thread finished: 100 Concurrent Upload Requests 1-79
2025-11-25 23:37:58,730 INFO o.a.j.t.JMeterThread: Thread is done: 100 Concurrent Upload Requests 1-100
2025-11-25 23:37:58,730 INFO o.a.j.t.JMeterThread: Thread finished: 100 Concurrent Upload Requests 1-100
2025-11-25 23:37:58,734 INFO o.a.j.t.JMeterThread: Thread is done: 100 Concurrent Upload Requests 1-89
2025-11-25 23:37:58,734 INFO o.a.j.t.JMeterThread: Thread finished: 100 Concurrent Upload Requests 1-89
2025-11-25 23:37:58,747 INFO o.a.j.t.JMeterThread: Thread is done: 100 Concurrent Upload Requests 1-82
2025-11-25 23:37:58,747 INFO o.a.j.t.JMeterThread: Thread finished: 100 Concurrent Upload Requests 1-82
2025-11-25 23:37:58,755 INFO o.a.j.t.JMeterThread: Thread is done: 100 Concurrent Upload Requests 1-94
2025-11-25 23:37:58,755 INFO o.a.j.t.JMeterThread: Thread finished: 100 Concurrent Upload Requests 1-94
2025-11-25 23:37:58,777 INFO o.a.j.t.JMeterThread: Thread is done: 100 Concurrent Upload Requests 1-87
2025-11-25 23:37:58,777 INFO o.a.j.t.JMeterThread: Thread finished: 100 Concurrent Upload Requests 1-87
2025-11-25 23:37:58,783 INFO o.a.j.t.JMeterThread: Thread is done: 100 Concurrent Upload Requests 1-84
2025-11-25 23:37:58,783 INFO o.a.j.t.JMeterThread: Thread finished: 100 Concurrent Upload Requests 1-84
2025-11-25 23:37:58,784 INFO o.a.j.t.JMeterThread: Thread is done: 100 Concurrent Upload Requests 1-83
2025-11-25 23:37:58,784 INFO o.a.j.t.JMeterThread: Thread finished: 100 Concurrent Upload Requests 1-83
2025-11-25 23:37:58,799 INFO o.a.j.t.JMeterThread: Thread is done: 100 Concurrent Upload Requests 1-86
2025-11-25 23:37:58,799 INFO o.a.j.t.JMeterThread: Thread finished: 100 Concurrent Upload Requests 1-86
2025-11-25 23:37:58,818 INFO o.a.j.t.JMeterThread: Thread is done: 100 Concurrent Upload Requests 1-95
2025-11-25 23:37:58,818 INFO o.a.j.t.JMeterThread: Thread finished: 100 Concurrent Upload Requests 1-95
2025-11-25 23:37:58,821 INFO o.a.j.t.JMeterThread: Thread is done: 100 Concurrent Upload Requests 1-92
2025-11-25 23:37:58,821 INFO o.a.j.t.JMeterThread: Thread finished: 100 Concurrent Upload Requests 1-92
2025-11-25 23:37:58,848 INFO o.a.j.t.JMeterThread: Thread is done: 100 Concurrent Upload Requests 1-93
2025-11-25 23:37:58,848 INFO o.a.j.t.JMeterThread: Thread finished: 100 Concurrent Upload Requests 1-93
2025-11-25 23:37:58,849 INFO o.a.j.e.StandardJMeterEngine: Notifying test listeners of end of test
2025-11-25 23:37:58,849 INFO o.a.j.s.FileServer: Close: /Users/vuhau190904/jmeter-performance-test/test-data/auth-tokens.csv
2025-11-25 23:37:58,851 INFO o.a.j.r.Summariser: summary =    100 in 00:00:03 =   35.5/s Avg:  1472 Min:  1080 Max:  1850 Err:     0 (0.00%)
2025-11-25 23:37:58,852 INFO o.a.j.JMeter: Generating Dashboard
2025-11-25 23:37:58,852 INFO o.a.j.r.d.ReportGenerator: Flushing result collector before report Generation
2025-11-25 23:37:58,859 INFO o.a.j.r.p.NormalizerSampleConsumer: Using format, 'ms', to parse timeStamp field
2025-11-25 23:37:58,925 INFO o.a.j.r.p.AbstractSampleConsumer: class org.apache.jmeter.report.processor.AggregateConsumer#stopProducing(): beginDate produced 0 samples
2025-11-25 23:37:58,925 INFO o.a.j.r.p.AbstractSampleConsumer: class org.apache.jmeter.report.processor.AggregateConsumer#stopProducing(): endDate produced 0 samples
2025-11-25 23:37:58,926 INFO o.a.j.r.p.AbstractSampleConsumer: class org.apache.jmeter.report.processor.ApdexSummaryConsumer#stopProducing(): apdexSummary produced 0 samples
2025-11-25 23:37:58,926 INFO o.a.j.r.p.AbstractSampleConsumer: class org.apache.jmeter.report.processor.RequestsSummaryConsumer#stopProducing(): requestsSummary produced 0 samples
2025-11-25 23:37:58,928 INFO o.a.j.r.p.AbstractSampleConsumer: class org.apache.jmeter.report.processor.StatisticsSummaryConsumer#stopProducing(): statisticsSummary produced 0 samples
2025-11-25 23:37:58,929 INFO o.a.j.r.p.AbstractSampleConsumer: class org.apache.jmeter.report.processor.Top5ErrorsBySamplerConsumer#stopProducing(): top5ErrorsBySampler produced 0 samples
2025-11-25 23:37:58,929 INFO o.a.j.r.p.AbstractSampleConsumer: class org.apache.jmeter.report.processor.ErrorsSummaryConsumer#stopProducing(): errorsSummary produced 0 samples
2025-11-25 23:37:58,930 INFO o.a.j.r.p.AbstractSampleConsumer: class org.apache.jmeter.report.processor.graph.impl.HitsPerSecondGraphConsumer#stopProducing(): hitsPerSecond produced 0 samples
2025-11-25 23:37:58,939 INFO o.a.j.r.p.AbstractSampleConsumer: class org.apache.jmeter.report.processor.graph.impl.LatencyVSRequestGraphConsumer#stopProducing(): latencyVsRequest produced 0 samples
2025-11-25 23:37:58,939 INFO o.a.j.r.p.AbstractSampleConsumer: class org.apache.jmeter.report.processor.graph.impl.SyntheticResponseTimeDistributionGraphConsumer#stopProducing(): syntheticResponseTimeDistribution produced 0 samples
2025-11-25 23:37:58,940 INFO o.a.j.r.p.AbstractSampleConsumer: class org.apache.jmeter.report.processor.graph.impl.BytesThroughputGraphConsumer#stopProducing(): bytesThroughputOverTime produced 0 samples
2025-11-25 23:37:58,940 INFO o.a.j.r.p.AbstractSampleConsumer: class org.apache.jmeter.report.processor.graph.impl.CodesPerSecondGraphConsumer#stopProducing(): codesPerSecond produced 0 samples
2025-11-25 23:37:58,942 INFO o.a.j.r.p.AbstractSampleConsumer: class org.apache.jmeter.report.processor.graph.impl.ResponseTimeVSRequestGraphConsumer#stopProducing(): responseTimeVsRequest produced 0 samples
2025-11-25 23:37:58,942 INFO o.a.j.r.p.AbstractSampleConsumer: class org.apache.jmeter.report.processor.FilterConsumer#stopProducing(): startIntervalControlerFilter produced 700 samples
2025-11-25 23:37:58,942 INFO o.a.j.r.p.AbstractSampleConsumer: class org.apache.jmeter.report.processor.graph.impl.TotalTPSGraphConsumer#stopProducing(): totalTPS produced 0 samples
2025-11-25 23:37:58,942 INFO o.a.j.r.p.AbstractSampleConsumer: class org.apache.jmeter.report.processor.graph.impl.ActiveThreadsGraphConsumer#stopProducing(): activeThreadsOverTime produced 0 samples
2025-11-25 23:37:58,942 INFO o.a.j.r.p.AbstractSampleConsumer: class org.apache.jmeter.report.processor.graph.impl.TimeVSThreadGraphConsumer#stopProducing(): timeVsThreads produced 0 samples
2025-11-25 23:37:58,942 INFO o.a.j.r.p.AbstractSampleConsumer: class org.apache.jmeter.report.processor.graph.impl.ResponseTimeDistributionGraphConsumer#stopProducing(): responseTimeDistribution produced 0 samples
2025-11-25 23:37:58,942 INFO o.a.j.r.p.AbstractSampleConsumer: class org.apache.jmeter.report.processor.graph.impl.TransactionsPerSecondGraphConsumer#stopProducing(): transactionsPerSecond produced 0 samples
2025-11-25 23:37:58,942 INFO o.a.j.r.p.AbstractSampleConsumer: class org.apache.jmeter.report.processor.graph.impl.ResponseTimePercentilesGraphConsumer#stopProducing(): responseTimePercentiles produced 0 samples
2025-11-25 23:37:58,943 INFO o.a.j.r.p.AbstractSampleConsumer: class org.apache.jmeter.report.processor.graph.impl.ResponseTimePercentilesOverTimeGraphConsumer#stopProducing(): responseTimePercentilesOverTime produced 0 samples
2025-11-25 23:37:58,943 INFO o.a.j.r.p.AbstractSampleConsumer: class org.apache.jmeter.report.processor.graph.impl.ResponseTimeOverTimeGraphConsumer#stopProducing(): responseTimesOverTime produced 0 samples
2025-11-25 23:37:58,943 INFO o.a.j.r.p.AbstractSampleConsumer: class org.apache.jmeter.report.processor.graph.impl.ConnectTimeOverTimeGraphConsumer#stopProducing(): connectTimeOverTime produced 0 samples
2025-11-25 23:37:58,943 INFO o.a.j.r.p.AbstractSampleConsumer: class org.apache.jmeter.report.processor.graph.impl.LatencyOverTimeGraphConsumer#stopProducing(): latenciesOverTime produced 0 samples
2025-11-25 23:37:58,943 INFO o.a.j.r.p.AbstractSampleConsumer: class org.apache.jmeter.report.processor.FilterConsumer#stopProducing(): nameFilter produced 1500 samples
2025-11-25 23:37:58,943 INFO o.a.j.r.p.AbstractSampleConsumer: class org.apache.jmeter.report.processor.FilterConsumer#stopProducing(): dateRangeFilter produced 300 samples
2025-11-25 23:37:58,943 INFO o.a.j.r.p.AbstractSampleConsumer: class org.apache.jmeter.report.processor.NormalizerSampleConsumer#stopProducing(): normalizer produced 100 samples
2025-11-25 23:37:58,943 INFO o.a.j.r.p.CsvFileSampleSource: produce(): 100 samples produced in 59ms on channel 0
2025-11-25 23:37:58,943 INFO o.a.j.r.d.ReportGenerator: Exporting data using exporter:'json' of className:'org.apache.jmeter.report.dashboard.JsonExporter'
2025-11-25 23:37:59,013 INFO o.a.j.r.d.JsonExporter: Found data for consumer statisticsSummary in context
2025-11-25 23:37:59,013 INFO o.a.j.r.d.JsonExporter: Creating statistics for overall
2025-11-25 23:37:59,013 INFO o.a.j.r.d.JsonExporter: Creating statistics for other transactions
2025-11-25 23:37:59,013 INFO o.a.j.r.d.JsonExporter: Checking output folder
2025-11-25 23:37:59,014 INFO o.a.j.r.d.JsonExporter: Writing statistics JSON to /Users/vuhau190904/jmeter-performance-test/results/test-100-report/statistics.json
2025-11-25 23:37:59,038 INFO o.a.j.r.d.ReportGenerator: Exporting data using exporter:'html' of className:'org.apache.jmeter.report.dashboard.HtmlTemplateExporter'
2025-11-25 23:37:59,039 INFO o.a.j.r.d.HtmlTemplateExporter: Will generate dashboard in folder: /Users/vuhau190904/jmeter-performance-test/results/test-100-report
2025-11-25 23:37:59,090 INFO o.a.j.r.d.HtmlTemplateExporter: Report will be generated in: /Users/vuhau190904/jmeter-performance-test/results/test-100-report, creating folder structure
2025-11-25 23:37:59,091 INFO o.a.j.r.d.TemplateVisitor: Copying folder from '/Users/vuhau190904/.sdkman/candidates/jmeter/5.6.3/bin/report-template' to '/Users/vuhau190904/jmeter-performance-test/results/test-100-report', got message: /Users/vuhau190904/jmeter-performance-test/results/test-100-report, found non empty folder with following content [/Users/vuhau190904/jmeter-performance-test/results/test-100-report/statistics.json], will be ignored
2025-11-25 23:37:59,268 INFO o.a.j.JMeter: Dashboard generated
